
Compiling your contracts...
===========================
> Everything is up to date, there is nothing to compile.



Starting migrations...
======================
> Network name:    'pottery'
> Network id:      9
> Block gas limit: 3141592 (0x2fefd8)


1_initial_migration.js
======================

   Deploying 'Migrations'
   ----------------------
   > transaction hash:    0x5af2212a9b4085693e4a14f92caddac5e0bf85c1338db78f1efb098c503dd6bf
ProviderError: 
Could not connect to your Ethereum client with the following parameters:
    - host       > 172.18.0.2
    - port       > 8546
    - network_id > 9
Please check that your Ethereum client:
    - is running
    - is accepting RPC connections (i.e., "--rpc" option is used in geth)
    - is accessible over the network
    - is properly configured in your Truffle configuration file (truffle-config.js)

