
Compiling your contracts...
===========================
> Everything is up to date, there is nothing to compile.



Starting migrations...
======================
> Network name:    'sagano'
> Network id:      42
> Block gas limit: 8000000 (0x7a1200)


1_initial_migration.js
======================

   Replacing 'Migrations'
   ----------------------
   > transaction hash:    0x648b33048dfa116ad2283af54df89e71583b03e04326e34856de4a66d3a140b0
   > Blocks: 1            Seconds: 24
   > contract address:    0xfb094f186E4DBf391FB9C1ae4652Dd03b4baC71D
   > block number:        451587
   > block timestamp:     1620292445
   > account:             0x5B2c25307cF7249f98DC361B8ceD077E600d69d8
   > balance:             0.81780172
   > gas used:            164175 (0x2814f)
   > gas price:           20 gwei
   > value sent:          0 ETH
   > total cost:          0.0032835 ETH


   > Saving migration to chain.
   > Saving artifacts
   -------------------------------------
   > Total cost:           0.0032835 ETH



Could not connect to your Ethereum client with the following parameters:
    - host       > 127.0.0.1
    - port       > 8546
    - network_id > 42
Please check that your Ethereum client:
    - is running
    - is accepting RPC connections (i.e., "--rpc" option is used in geth)
    - is accessible over the network
    - is properly configured in your Truffle configuration file (truffle-config.js)

Truffle v5.3.1 (core: 5.3.1)
Node v14.15.5
